25.10.2022 05:59:03 sql=[SELECT * FROM user WHERE username='talaban1' AND password='25f9e794323b453885f5181f1b624d0b'] 
25.10.2022 06:00:11 sql=[SELECT * FROM user WHERE username='talaban1' AND password='25f9e794323b453885f5181f1b624d0b'] 
25.10.2022 06:06:43 sql=[SELECT * FROM user WHERE username='talaban1' AND password='25f9e794323b453885f5181f1b624d0b'] 
25.10.2022 06:06:51 sql=[SELECT * FROM user WHERE username='talaban1' AND password='25f9e794323b453885f5181f1b624d0b'] 
25.10.2022 06:07:14 sql=[SELECT * FROM user WHERE username='talaban1' AND password='25f9e794323b453885f5181f1b624d0b'] 
25.10.2022 06:07:20 sql=[SELECT * FROM user WHERE username='talaban1' AND password='25f9e794323b453885f5181f1b624d0b'] 
25.10.2022 06:11:07 sql=[SELECT * FROM user WHERE username='talaban1' AND password='25f9e794323b453885f5181f1b624d0b'] 
25.10.2022 06:14:58 sql=[SELECT * FROM user WHERE username='talaban1' AND password='25f9e794323b453885f5181f1b624d0b'] 
25.10.2022 06:15:12 sql=[SELECT * FROM user WHERE username='talaban1' AND password='25f9e794323b453885f5181f1b624d0b'] 
25.10.2022 07:13:01 sql=[select * from sanpham limit 4] 
25.10.2022 07:13:01 sql=[select * from chuyenmuc] 
25.10.2022 07:13:01 Khong the select duoc,ERROR=[Table 'qt.chuyenmuc' doesn't exist] 
25.10.2022 07:13:01 COUNT=[0] 
25.10.2022 07:13:10 sql=[select * from sanpham limit 4] 
25.10.2022 07:13:10 sql=[select * from chuyenmuc] 
25.10.2022 07:13:10 Khong the select duoc,ERROR=[Table 'qt.chuyenmuc' doesn't exist] 
25.10.2022 07:13:10 COUNT=[0] 
25.10.2022 07:18:17 sql=[select * from sanpham limit 4] 
25.10.2022 07:18:17 sql=[select * from chuyenmuc] 
25.10.2022 07:18:17 Khong the select duoc,ERROR=[Table 'qt.chuyenmuc' doesn't exist] 
25.10.2022 07:18:17 COUNT=[0] 
25.10.2022 07:18:28 sql=[select * from sanpham limit 4] 
25.10.2022 07:18:28 sql=[select * from chuyenmuc] 
25.10.2022 07:18:28 Khong the select duoc,ERROR=[Table 'qt.chuyenmuc' doesn't exist] 
25.10.2022 07:18:28 COUNT=[0] 
25.10.2022 07:18:59 sql=[select * from sanpham limit 4] 
25.10.2022 07:18:59 sql=[select * from chuyenmuc] 
25.10.2022 07:18:59 Khong the select duoc,ERROR=[Table 'qt.chuyenmuc' doesn't exist] 
25.10.2022 07:18:59 COUNT=[0] 
25.10.2022 07:18:59 sql=[select * from sanpham limit 4] 
25.10.2022 07:18:59 sql=[select * from chuyenmuc] 
25.10.2022 07:18:59 Khong the select duoc,ERROR=[Table 'qt.chuyenmuc' doesn't exist] 
25.10.2022 07:18:59 COUNT=[0] 
25.10.2022 07:19:56 sql=[select * from sanpham limit 4] 
25.10.2022 07:19:56 sql=[select * from chuyenmuc] 
25.10.2022 07:19:56 Khong the select duoc,ERROR=[Table 'qt.chuyenmuc' doesn't exist] 
25.10.2022 07:19:56 COUNT=[0] 
25.10.2022 07:22:49 sql=[select * from sanpham limit 4] 
25.10.2022 07:22:49 sql=[select * from chuyenmuc] 
25.10.2022 07:22:49 Khong the select duoc,ERROR=[Table 'qt.chuyenmuc' doesn't exist] 
25.10.2022 07:22:49 COUNT=[0] 
25.10.2022 07:22:49 sql=[select * from sanpham limit 4] 
25.10.2022 07:22:49 sql=[select * from chuyenmuc] 
25.10.2022 07:22:49 Khong the select duoc,ERROR=[Table 'qt.chuyenmuc' doesn't exist] 
25.10.2022 07:22:49 COUNT=[0] 
25.10.2022 07:23:29 sql=[select * from sanpham limit 4] 
25.10.2022 07:23:29 sql=[select * from chuyenmuc] 
25.10.2022 07:23:29 Khong the select duoc,ERROR=[Table 'qt.chuyenmuc' doesn't exist] 
25.10.2022 07:23:29 COUNT=[0] 
25.10.2022 07:23:29 sql=[select * from sanpham limit 3] 
25.10.2022 07:23:29 sql=[select * from chuyenmuc] 
25.10.2022 07:23:29 Khong the select duoc,ERROR=[Table 'qt.chuyenmuc' doesn't exist] 
25.10.2022 07:23:29 COUNT=[0] 
25.10.2022 07:24:21 sql=[select * from sanpham limit 4] 
25.10.2022 07:24:21 sql=[select * from chuyenmuc] 
25.10.2022 07:24:21 Khong the select duoc,ERROR=[Table 'qt.chuyenmuc' doesn't exist] 
25.10.2022 07:24:21 COUNT=[0] 
25.10.2022 07:24:21 sql=[select * from sanpham limit 3] 
25.10.2022 07:24:21 sql=[select * from chuyenmuc] 
25.10.2022 07:24:21 Khong the select duoc,ERROR=[Table 'qt.chuyenmuc' doesn't exist] 
25.10.2022 07:24:21 COUNT=[0] 
25.10.2022 07:24:59 sql=[select * from sanpham limit 4] 
25.10.2022 07:24:59 sql=[select * from chuyenmuc] 
25.10.2022 07:24:59 Khong the select duoc,ERROR=[Table 'qt.chuyenmuc' doesn't exist] 
25.10.2022 07:24:59 COUNT=[0] 
25.10.2022 07:24:59 sql=[select * from sanpham limit 3] 
25.10.2022 07:26:28 sql=[select * from sanpham limit 4] 
25.10.2022 07:26:28 sql=[select * from chuyenmuc] 
25.10.2022 07:26:28 Khong the select duoc,ERROR=[Table 'qt.chuyenmuc' doesn't exist] 
25.10.2022 07:26:28 COUNT=[0] 
25.10.2022 07:26:28 sql=[select * from sanpham limit 3] 
25.10.2022 07:26:34 sql=[select * from sanpham limit 4] 
25.10.2022 07:26:34 sql=[select * from chuyenmuc] 
25.10.2022 07:26:34 Khong the select duoc,ERROR=[Table 'qt.chuyenmuc' doesn't exist] 
25.10.2022 07:26:34 COUNT=[0] 
25.10.2022 07:26:34 sql=[select * from sanpham limit 4] 
25.10.2022 07:27:21 sql=[select * from sanpham limit 4] 
25.10.2022 07:27:21 sql=[select * from chuyenmuc] 
25.10.2022 07:27:21 Khong the select duoc,ERROR=[Table 'qt.chuyenmuc' doesn't exist] 
25.10.2022 07:27:21 COUNT=[0] 
25.10.2022 07:27:21 sql=[select * from sanpham limit 4] 
25.10.2022 07:27:23 sql=[select * from sanpham limit 4] 
25.10.2022 07:27:23 sql=[select * from chuyenmuc] 
25.10.2022 07:27:23 Khong the select duoc,ERROR=[Table 'qt.chuyenmuc' doesn't exist] 
25.10.2022 07:27:23 COUNT=[0] 
25.10.2022 07:27:23 sql=[select * from sanpham limit 4] 
25.10.2022 07:27:28 sql=[select * from sanpham limit 4] 
25.10.2022 07:27:28 sql=[select * from chuyenmuc] 
25.10.2022 07:27:28 Khong the select duoc,ERROR=[Table 'qt.chuyenmuc' doesn't exist] 
25.10.2022 07:27:28 COUNT=[0] 
25.10.2022 07:27:28 sql=[select * from sanpham limit 4] 
25.10.2022 07:27:30 sql=[select * from sanpham limit 4] 
25.10.2022 07:27:30 sql=[select * from chuyenmuc] 
25.10.2022 07:27:30 Khong the select duoc,ERROR=[Table 'qt.chuyenmuc' doesn't exist] 
25.10.2022 07:27:30 COUNT=[0] 
25.10.2022 07:27:30 sql=[select * from sanpham limit 4] 
25.10.2022 07:29:55 sql=[select * from sanpham limit 4] 
25.10.2022 07:29:55 sql=[select * from chuyenmuc] 
25.10.2022 07:29:55 Khong the select duoc,ERROR=[Table 'qt.chuyenmuc' doesn't exist] 
25.10.2022 07:29:55 COUNT=[0] 
25.10.2022 07:29:55 sql=[select * from sanpham limit 4] 
25.10.2022 07:31:26 sql=[SELECT * FROM sanpham where id=1] 
25.10.2022 07:31:26 sql=[SELECT * FROM danhmuc WHERE id=2] 
25.10.2022 07:31:28 sql=[SELECT * FROM sanpham where id=1] 
25.10.2022 07:31:28 sql=[SELECT * FROM danhmuc WHERE id=2] 
25.10.2022 07:31:29 sql=[SELECT * FROM sanpham where id=1] 
25.10.2022 07:31:29 sql=[SELECT * FROM danhmuc WHERE id=2] 
25.10.2022 07:31:31 sql=[select * from sanpham limit 4] 
25.10.2022 07:31:31 sql=[select * from chuyenmuc] 
25.10.2022 07:31:31 Khong the select duoc,ERROR=[Table 'qt.chuyenmuc' doesn't exist] 
25.10.2022 07:31:31 COUNT=[0] 
25.10.2022 07:31:31 sql=[select * from sanpham limit 4] 
25.10.2022 07:31:32 sql=[SELECT * FROM sanpham where id=2] 
25.10.2022 07:31:32 sql=[SELECT * FROM danhmuc WHERE id=1] 
25.10.2022 07:31:35 sql=[select * from sanpham limit 4] 
25.10.2022 07:31:35 sql=[select * from chuyenmuc] 
25.10.2022 07:31:35 Khong the select duoc,ERROR=[Table 'qt.chuyenmuc' doesn't exist] 
25.10.2022 07:31:35 COUNT=[0] 
25.10.2022 07:31:35 sql=[select * from sanpham limit 4] 
25.10.2022 07:31:36 sql=[SELECT * FROM sanpham where id=3] 
25.10.2022 07:31:36 sql=[SELECT * FROM danhmuc WHERE id=2] 
25.10.2022 07:31:41 sql=[select * from sanpham limit 4] 
25.10.2022 07:31:41 sql=[select * from chuyenmuc] 
25.10.2022 07:31:41 Khong the select duoc,ERROR=[Table 'qt.chuyenmuc' doesn't exist] 
25.10.2022 07:31:41 COUNT=[0] 
25.10.2022 07:31:41 sql=[select * from sanpham limit 4] 
25.10.2022 07:31:42 sql=[SELECT * FROM sanpham where id=4] 
25.10.2022 07:31:42 sql=[SELECT * FROM danhmuc WHERE id=2] 
25.10.2022 07:31:43 sql=[select * from sanpham limit 4] 
25.10.2022 07:31:43 sql=[select * from chuyenmuc] 
25.10.2022 07:31:43 Khong the select duoc,ERROR=[Table 'qt.chuyenmuc' doesn't exist] 
25.10.2022 07:31:43 COUNT=[0] 
25.10.2022 07:31:43 sql=[select * from sanpham limit 4] 
25.10.2022 07:31:46 sql=[SELECT * FROM sanpham where id=3] 
25.10.2022 07:31:46 sql=[SELECT * FROM danhmuc WHERE id=2] 
25.10.2022 07:31:47 sql=[select * from sanpham limit 4] 
25.10.2022 07:31:47 sql=[select * from chuyenmuc] 
25.10.2022 07:31:47 Khong the select duoc,ERROR=[Table 'qt.chuyenmuc' doesn't exist] 
25.10.2022 07:31:47 COUNT=[0] 
25.10.2022 07:31:47 sql=[select * from sanpham limit 4] 
25.10.2022 07:31:50 sql=[SELECT * FROM sanpham where id=1] 
25.10.2022 07:31:50 sql=[SELECT * FROM danhmuc WHERE id=2] 
25.10.2022 07:31:51 sql=[select * from sanpham limit 4] 
25.10.2022 07:31:51 sql=[select * from chuyenmuc] 
25.10.2022 07:31:51 Khong the select duoc,ERROR=[Table 'qt.chuyenmuc' doesn't exist] 
25.10.2022 07:31:51 COUNT=[0] 
25.10.2022 07:31:51 sql=[select * from sanpham limit 4] 
25.10.2022 07:31:52 sql=[SELECT * FROM sanpham where id=2] 
25.10.2022 07:31:52 sql=[SELECT * FROM danhmuc WHERE id=1] 
25.10.2022 07:31:53 sql=[select * from sanpham limit 4] 
25.10.2022 07:31:53 sql=[select * from chuyenmuc] 
25.10.2022 07:31:53 Khong the select duoc,ERROR=[Table 'qt.chuyenmuc' doesn't exist] 
25.10.2022 07:31:53 COUNT=[0] 
25.10.2022 07:31:53 sql=[select * from sanpham limit 4] 
25.10.2022 07:31:54 sql=[SELECT * FROM sanpham where id=1] 
25.10.2022 07:31:54 sql=[SELECT * FROM danhmuc WHERE id=2] 
25.10.2022 07:32:06 sql=[SELECT * FROM sanpham where id=1] 
25.10.2022 07:32:06 sql=[SELECT * FROM danhmuc WHERE id=2] 
25.10.2022 07:32:08 sql=[SELECT * FROM sanpham where id=1] 
25.10.2022 07:32:08 sql=[SELECT * FROM danhmuc WHERE id=2] 
25.10.2022 07:32:09 sql=[SELECT * FROM sanpham where id=1] 
25.10.2022 07:32:09 sql=[SELECT * FROM danhmuc WHERE id=2] 
25.10.2022 07:39:14 sql=[SELECT * FROM sanpham where id=1] 
25.10.2022 07:39:14 sql=[SELECT * FROM danhmuc WHERE id=2] 
25.10.2022 07:39:15 sql=[SELECT * FROM sanpham where id=1] 
25.10.2022 07:39:15 sql=[SELECT * FROM danhmuc WHERE id=2] 
25.10.2022 07:39:19 sql=[SELECT * FROM sanpham where id=1] 
25.10.2022 07:39:19 sql=[SELECT * FROM danhmuc WHERE id=2] 
25.10.2022 07:39:24 sql=[SELECT * FROM sanpham where id=1] 
25.10.2022 07:39:24 sql=[SELECT * FROM danhmuc WHERE id=2] 
25.10.2022 07:39:41 sql=[SELECT * FROM sanpham where id=1] 
25.10.2022 07:39:41 sql=[SELECT * FROM danhmuc WHERE id=2] 
25.10.2022 07:39:44 sql=[SELECT * FROM sanpham where id=1] 
25.10.2022 07:39:44 sql=[SELECT * FROM danhmuc WHERE id=2] 
25.10.2022 07:40:25 sql=[SELECT * FROM sanpham where id=1] 
25.10.2022 07:40:25 sql=[SELECT * FROM danhmuc WHERE id=2] 
25.10.2022 07:44:58 sql=[SELECT * FROM sanpham where id=1] 
25.10.2022 07:44:58 sql=[SELECT * FROM danhmuc WHERE id=2] 
25.10.2022 07:45:33 sql=[SELECT * FROM sanpham where id=1] 
25.10.2022 07:45:33 sql=[SELECT * FROM danhmuc WHERE id=2] 
25.10.2022 07:45:40 sql=[SELECT * FROM sanpham where id=1] 
25.10.2022 07:45:40 sql=[SELECT * FROM danhmuc WHERE id=2] 
25.10.2022 07:45:48 sql=[SELECT * FROM sanpham where id=1] 
25.10.2022 07:45:48 sql=[SELECT * FROM danhmuc WHERE id=2] 
25.10.2022 07:48:13 sql=[SELECT * FROM sanpham where id=1] 
25.10.2022 07:48:13 sql=[SELECT * FROM danhmuc WHERE id=2] 
25.10.2022 07:49:46 sql=[SELECT * FROM sanpham where id=1] 
25.10.2022 07:49:46 sql=[SELECT * FROM danhmuc WHERE id=2] 
25.10.2022 07:50:00 sql=[SELECT * FROM sanpham where id=1] 
25.10.2022 07:50:00 sql=[SELECT * FROM danhmuc WHERE id=2] 
25.10.2022 07:50:09 sql=[SELECT * FROM sanpham where id=1] 
25.10.2022 07:50:09 sql=[SELECT * FROM danhmuc WHERE id=2] 
25.10.2022 07:50:29 sql=[SELECT * FROM sanpham where id=1] 
25.10.2022 07:50:29 sql=[SELECT * FROM danhmuc WHERE id=2] 
25.10.2022 07:53:12 sql=[SELECT * FROM sanpham where id=1] 
25.10.2022 07:53:12 sql=[SELECT * FROM danhmuc WHERE id=2] 
25.10.2022 07:54:00 sql=[SELECT * FROM sanpham where id=1] 
25.10.2022 07:54:00 sql=[SELECT * FROM danhmuc WHERE id=2] 
25.10.2022 07:54:27 sql=[SELECT * FROM sanpham where id=1] 
25.10.2022 07:54:27 sql=[SELECT * FROM danhmuc WHERE id=2] 
25.10.2022 07:54:41 sql=[SELECT * FROM sanpham where id=1] 
25.10.2022 07:54:41 sql=[SELECT * FROM danhmuc WHERE id=2] 
25.10.2022 07:55:31 sql=[SELECT * FROM sanpham where id=1] 
25.10.2022 07:55:31 sql=[SELECT * FROM danhmuc WHERE id=2] 
25.10.2022 07:55:49 sql=[SELECT * FROM sanpham where id=1] 
25.10.2022 07:55:49 sql=[SELECT * FROM danhmuc WHERE id=2] 
25.10.2022 07:57:25 sql=[SELECT * FROM sanpham where id=1] 
25.10.2022 07:57:25 sql=[SELECT * FROM danhmuc WHERE id=2] 
25.10.2022 08:03:19 sql=[SELECT * FROM sanpham where id=1] 
25.10.2022 08:03:19 sql=[SELECT * FROM danhmuc WHERE id=2] 
25.10.2022 08:04:00 sql=[SELECT * FROM sanpham where id=1] 
25.10.2022 08:04:00 sql=[SELECT * FROM danhmuc WHERE id=2] 
25.10.2022 08:05:02 sql=[SELECT * FROM sanpham where id=1] 
25.10.2022 08:05:02 sql=[SELECT * FROM danhmuc WHERE id=2] 
25.10.2022 08:05:20 sql=[SELECT * FROM sanpham where id=1] 
25.10.2022 08:05:20 sql=[SELECT * FROM danhmuc WHERE id=2] 
25.10.2022 08:05:56 sql=[SELECT * FROM sanpham where id=1] 
25.10.2022 08:05:56 sql=[SELECT * FROM danhmuc WHERE id=2] 
25.10.2022 08:06:02 sql=[SELECT * FROM sanpham where id=1] 
25.10.2022 08:06:02 sql=[SELECT * FROM danhmuc WHERE id=2] 
25.10.2022 08:06:51 sql=[SELECT * FROM sanpham where id=1] 
25.10.2022 08:06:51 sql=[SELECT * FROM danhmuc WHERE id=2] 
25.10.2022 08:08:27 sql=[SELECT * FROM sanpham where id=1] 
25.10.2022 08:08:27 sql=[SELECT * FROM danhmuc WHERE id=2] 
25.10.2022 08:08:42 sql=[SELECT * FROM sanpham where id=1] 
25.10.2022 08:08:42 sql=[SELECT * FROM danhmuc WHERE id=2] 
25.10.2022 08:09:52 sql=[SELECT * FROM sanpham where id=1] 
25.10.2022 08:09:52 sql=[SELECT * FROM danhmuc WHERE id=2] 
25.10.2022 08:11:20 sql=[SELECT * FROM sanpham where id=1] 
25.10.2022 08:11:20 sql=[SELECT * FROM danhmuc WHERE id=2] 
25.10.2022 08:11:34 sql=[SELECT * FROM sanpham where id=1] 
25.10.2022 08:11:34 sql=[SELECT * FROM danhmuc WHERE id=2] 
25.10.2022 08:11:42 sql=[SELECT * FROM sanpham where id=1] 
25.10.2022 08:11:42 sql=[SELECT * FROM danhmuc WHERE id=2] 
25.10.2022 08:12:04 sql=[SELECT * FROM sanpham where id=1] 
25.10.2022 08:12:04 sql=[SELECT * FROM danhmuc WHERE id=2] 
25.10.2022 08:13:10 sql=[SELECT * FROM sanpham where id=1] 
25.10.2022 08:13:10 sql=[SELECT * FROM danhmuc WHERE id=2] 
25.10.2022 08:13:56 sql=[SELECT * FROM sanpham where id=1] 
25.10.2022 08:13:56 sql=[SELECT * FROM danhmuc WHERE id=2] 
25.10.2022 08:14:39 sql=[SELECT * FROM sanpham where id=1] 
25.10.2022 08:14:39 sql=[SELECT * FROM danhmuc WHERE id=2] 
25.10.2022 08:16:07 sql=[SELECT * FROM sanpham where id=1] 
25.10.2022 08:16:07 sql=[SELECT * FROM danhmuc WHERE id=2] 
25.10.2022 08:16:25 sql=[SELECT * FROM sanpham where id=1] 
25.10.2022 08:16:25 sql=[SELECT * FROM danhmuc WHERE id=2] 
25.10.2022 08:16:34 sql=[SELECT * FROM sanpham where id=1] 
25.10.2022 08:16:34 sql=[SELECT * FROM danhmuc WHERE id=2] 
25.10.2022 08:17:19 sql=[SELECT * FROM sanpham where id=1] 
25.10.2022 08:17:19 sql=[SELECT * FROM danhmuc WHERE id=2] 
25.10.2022 08:17:38 sql=[SELECT * FROM sanpham where id=1] 
25.10.2022 08:17:38 sql=[SELECT * FROM danhmuc WHERE id=2] 
25.10.2022 08:18:07 sql=[SELECT * FROM sanpham where id=1] 
25.10.2022 08:18:07 sql=[SELECT * FROM danhmuc WHERE id=2] 
25.10.2022 08:18:20 sql=[SELECT * FROM sanpham where id=1] 
25.10.2022 08:18:20 sql=[SELECT * FROM danhmuc WHERE id=2] 
25.10.2022 08:18:52 sql=[SELECT * FROM sanpham where id=1] 
25.10.2022 08:18:52 sql=[SELECT * FROM danhmuc WHERE id=2] 
25.10.2022 08:19:10 sql=[SELECT * FROM sanpham where id=1] 
25.10.2022 08:19:10 sql=[SELECT * FROM danhmuc WHERE id=2] 
25.10.2022 08:19:56 sql=[SELECT * FROM sanpham where id=1] 
25.10.2022 08:19:56 sql=[SELECT * FROM danhmuc WHERE id=2] 
25.10.2022 08:20:06 sql=[SELECT * FROM sanpham where id=1] 
25.10.2022 08:20:06 sql=[SELECT * FROM danhmuc WHERE id=2] 
25.10.2022 08:20:18 sql=[SELECT * FROM sanpham where id=1] 
25.10.2022 08:20:18 sql=[SELECT * FROM danhmuc WHERE id=2] 
25.10.2022 08:23:02 sql=[SELECT * FROM sanpham where id=1] 
25.10.2022 08:23:02 sql=[SELECT * FROM danhmuc WHERE id=2] 
25.10.2022 08:23:27 sql=[SELECT * FROM sanpham where id=1] 
25.10.2022 08:23:27 sql=[SELECT * FROM danhmuc WHERE id=2] 
25.10.2022 08:26:11 sql=[SELECT * FROM sanpham where id=1] 
25.10.2022 08:26:11 sql=[SELECT * FROM danhmuc WHERE id=2] 
25.10.2022 05:58:04 sql=[SELECT * FROM sanpham where id=1] 
25.10.2022 05:58:04 sql=[SELECT * FROM danhmuc WHERE id=2] 
25.10.2022 05:59:04 sql=[SELECT * FROM sanpham where id=1] 
25.10.2022 05:59:04 sql=[SELECT * FROM danhmuc WHERE id=2] 
25.10.2022 05:59:45 sql=[SELECT * FROM sanpham where id=1] 
25.10.2022 05:59:45 sql=[SELECT * FROM danhmuc WHERE id=2] 
25.10.2022 06:11:36 sql=[SELECT * FROM sanpham where id=1] 
25.10.2022 06:11:36 sql=[SELECT * FROM danhmuc WHERE id=2] 
25.10.2022 06:14:33 sql=[select * from sanpham limit 4] 
25.10.2022 06:14:33 sql=[select * from chuyenmuc] 
25.10.2022 06:14:33 Khong the select duoc,ERROR=[Table 'qt.chuyenmuc' doesn't exist] 
25.10.2022 06:14:33 COUNT=[0] 
25.10.2022 06:14:33 sql=[select * from sanpham limit 4] 
25.10.2022 06:14:35 sql=[SELECT * FROM sanpham where id=1] 
25.10.2022 06:14:35 sql=[SELECT * FROM danhmuc WHERE id=2] 
25.10.2022 06:15:11 sql=[SELECT * FROM sanpham where id=1] 
25.10.2022 06:15:11 sql=[SELECT * FROM danhmuc WHERE id=2] 
25.10.2022 06:15:20 sql=[select * from sanpham limit 4] 
25.10.2022 06:15:20 sql=[select * from chuyenmuc] 
25.10.2022 06:15:20 Khong the select duoc,ERROR=[Table 'qt.chuyenmuc' doesn't exist] 
25.10.2022 06:15:20 COUNT=[0] 
25.10.2022 06:15:20 sql=[select * from sanpham limit 4] 
25.10.2022 06:15:21 sql=[SELECT * FROM sanpham where id=2] 
25.10.2022 06:15:21 sql=[SELECT * FROM danhmuc WHERE id=1] 
25.10.2022 06:17:11 sql=[SELECT * FROM sanpham where id=2] 
25.10.2022 06:17:11 sql=[SELECT * FROM danhmuc WHERE id=1] 
25.10.2022 06:18:45 sql=[SELECT * FROM sanpham where id=1] 
25.10.2022 06:18:45 sql=[SELECT * FROM danhmuc WHERE id=2] 
25.10.2022 06:19:00 sql=[select * from sanpham limit 4] 
25.10.2022 06:19:00 sql=[select * from chuyenmuc] 
25.10.2022 06:19:00 Khong the select duoc,ERROR=[Table 'qt.chuyenmuc' doesn't exist] 
25.10.2022 06:19:00 COUNT=[0] 
25.10.2022 06:19:00 sql=[select * from sanpham limit 4] 
25.10.2022 06:19:01 sql=[SELECT * FROM sanpham where id=2] 
25.10.2022 06:19:01 sql=[SELECT * FROM danhmuc WHERE id=1] 
25.10.2022 06:20:25 sql=[SELECT * FROM sanpham where id=2] 
25.10.2022 06:20:25 sql=[SELECT * FROM danhmuc WHERE id=1] 
25.10.2022 06:20:55 sql=[SELECT * FROM sanpham where id=2] 
25.10.2022 06:20:55 sql=[SELECT * FROM danhmuc WHERE id=1] 
25.10.2022 06:21:15 sql=[SELECT * FROM sanpham where id=2] 
25.10.2022 06:21:15 sql=[SELECT * FROM danhmuc WHERE id=1] 
25.10.2022 06:21:49 sql=[SELECT * FROM sanpham where id=2] 
25.10.2022 06:21:49 sql=[SELECT * FROM danhmuc WHERE id=1] 
25.10.2022 06:22:43 sql=[SELECT * FROM sanpham where id=2] 
25.10.2022 06:22:43 sql=[SELECT * FROM danhmuc WHERE id=1] 
25.10.2022 06:23:01 sql=[select * from sanpham limit 4] 
25.10.2022 06:23:01 sql=[select * from chuyenmuc] 
25.10.2022 06:23:01 Khong the select duoc,ERROR=[Table 'qt.chuyenmuc' doesn't exist] 
25.10.2022 06:23:01 COUNT=[0] 
25.10.2022 06:23:01 sql=[select * from sanpham limit 4] 
25.10.2022 06:23:02 sql=[SELECT * FROM sanpham where id=1] 
25.10.2022 06:23:02 sql=[SELECT * FROM danhmuc WHERE id=2] 
25.10.2022 06:23:21 sql=[SELECT * FROM sanpham where id=1] 
25.10.2022 06:23:21 sql=[SELECT * FROM danhmuc WHERE id=2] 
25.10.2022 06:29:28 sql=[ SELECT * FROM sanpham WHERE id=Array] 
25.10.2022 06:29:28 Khong the select duoc,ERROR=[Unknown column 'Array' in 'where clause'] 
25.10.2022 06:29:28 COUNT=[0] 
25.10.2022 06:30:28 sql=[ SELECT * FROM sanpham WHERE id=] 
25.10.2022 06:30:28 Khong the select duoc,ERROR=[You have an error in your SQL syntax; check the manual that corresponds to your MariaDB server version for the right syntax to use near '' at line 1] 
25.10.2022 06:30:28 COUNT=[0] 
25.10.2022 06:30:30 sql=[ SELECT * FROM sanpham WHERE id=] 
25.10.2022 06:30:30 Khong the select duoc,ERROR=[You have an error in your SQL syntax; check the manual that corresponds to your MariaDB server version for the right syntax to use near '' at line 1] 
25.10.2022 06:30:30 COUNT=[0] 
25.10.2022 06:31:05 sql=[SELECT * FROM sanpham where id=2] 
25.10.2022 06:31:05 sql=[SELECT * FROM danhmuc WHERE id=1] 
25.10.2022 06:34:59 sql=[SELECT * FROM sanpham where id=2] 
25.10.2022 06:34:59 sql=[SELECT * FROM danhmuc WHERE id=1] 
25.10.2022 06:41:45 sql=[SELECT * FROM sanpham where id=2] 
25.10.2022 06:41:45 sql=[SELECT * FROM danhmuc WHERE id=1] 
25.10.2022 06:45:26 sql=[select * from sanpham limit 4] 
25.10.2022 06:45:26 sql=[select * from chuyenmuc] 
25.10.2022 06:45:26 Khong the select duoc,ERROR=[Table 'qt.chuyenmuc' doesn't exist] 
25.10.2022 06:45:26 COUNT=[0] 
25.10.2022 06:45:26 sql=[select * from sanpham limit 4] 
25.10.2022 06:45:27 sql=[SELECT * FROM sanpham where id=1] 
25.10.2022 06:45:27 sql=[SELECT * FROM danhmuc WHERE id=2] 
25.10.2022 06:45:28 sql=[select * from sanpham limit 4] 
25.10.2022 06:45:28 sql=[select * from chuyenmuc] 
25.10.2022 06:45:28 Khong the select duoc,ERROR=[Table 'qt.chuyenmuc' doesn't exist] 
25.10.2022 06:45:28 COUNT=[0] 
25.10.2022 06:45:28 sql=[select * from sanpham limit 4] 
25.10.2022 06:45:30 sql=[SELECT * FROM sanpham where id=3] 
25.10.2022 06:45:30 sql=[SELECT * FROM danhmuc WHERE id=2] 
25.10.2022 06:50:43 sql=[select * from sanpham limit 4] 
25.10.2022 06:50:43 sql=[select * from chuyenmuc] 
25.10.2022 06:50:43 Khong the select duoc,ERROR=[Table 'qt.chuyenmuc' doesn't exist] 
25.10.2022 06:50:43 COUNT=[0] 
25.10.2022 06:50:43 sql=[select * from sanpham limit 4] 
25.10.2022 06:53:21 sql=[select * from sanpham limit 4] 
25.10.2022 06:53:21 sql=[select * from chuyenmuc] 
25.10.2022 06:53:21 Khong the select duoc,ERROR=[Table 'qt.chuyenmuc' doesn't exist] 
25.10.2022 06:53:21 COUNT=[0] 
25.10.2022 06:53:21 sql=[select * from sanpham limit 4] 
25.10.2022 06:56:31 sql=[select * from sanpham limit 4] 
25.10.2022 06:56:31 sql=[select * from chuyenmuc] 
25.10.2022 06:56:31 Khong the select duoc,ERROR=[Table 'qt.chuyenmuc' doesn't exist] 
25.10.2022 06:56:31 COUNT=[0] 
25.10.2022 06:56:31 sql=[select * from sanpham limit 4] 
25.10.2022 06:56:49 sql=[select * from sanpham limit 4] 
25.10.2022 06:56:49 sql=[select * from sanpham limit 4] 
25.10.2022 06:57:52 sql=[select * from sanpham limit 4] 
25.10.2022 06:57:52 sql=[select * from sanpham limit 4] 
25.10.2022 06:58:28 sql=[select * from sanpham limit 4] 
25.10.2022 06:58:28 sql=[select * from sanpham limit 4] 
25.10.2022 06:58:31 sql=[SELECT * FROM user WHERE username='talaban1' AND password='25f9e794323b453885f5181f1b624d0b'] 
25.10.2022 06:58:31 sql=[select * from sanpham limit 4] 
25.10.2022 06:58:31 sql=[select * from sanpham limit 4] 
25.10.2022 07:02:03 sql=[select * from sanpham limit 4] 
25.10.2022 07:02:03 sql=[select * from sanpham limit 4] 
25.10.2022 07:02:05 sql=[select * from sanpham limit 4] 
25.10.2022 07:02:05 sql=[select * from sanpham limit 4] 
25.10.2022 07:04:03 sql=[select * from sanpham limit 4] 
25.10.2022 07:04:03 sql=[select * from sanpham limit 4] 
25.10.2022 07:04:04 sql=[select * from sanpham limit 4] 
25.10.2022 07:04:04 sql=[select * from sanpham limit 4] 
25.10.2022 07:04:07 sql=[SELECT * FROM user WHERE username='talaban1' AND password='25f9e794323b453885f5181f1b624d0b'] 
25.10.2022 07:04:07 sql=[select * from sanpham limit 4] 
25.10.2022 07:04:07 sql=[select * from sanpham limit 4] 
25.10.2022 07:04:09 sql=[select * from sanpham limit 4] 
25.10.2022 07:04:09 sql=[select * from sanpham limit 4] 
25.10.2022 07:04:14 sql=[SELECT * FROM user WHERE username='talaban1' AND password='25f9e794323b453885f5181f1b624d0b'] 
25.10.2022 07:04:14 sql=[select * from sanpham limit 4] 
25.10.2022 07:04:14 sql=[select * from sanpham limit 4] 
25.10.2022 07:04:21 sql=[SELECT * FROM sanpham where id=1] 
25.10.2022 07:04:21 sql=[SELECT * FROM danhmuc WHERE id=2] 
25.10.2022 07:04:23 sql=[select * from sanpham limit 4] 
25.10.2022 07:04:23 sql=[select * from sanpham limit 4] 
25.10.2022 07:04:24 sql=[SELECT * FROM sanpham where id=2] 
25.10.2022 07:04:24 sql=[SELECT * FROM danhmuc WHERE id=1] 
25.10.2022 07:04:33 sql=[select * from sanpham limit 4] 
25.10.2022 07:04:33 sql=[select * from sanpham limit 4] 
25.10.2022 07:04:35 sql=[SELECT * FROM sanpham where id=3] 
25.10.2022 07:04:35 sql=[SELECT * FROM danhmuc WHERE id=2] 
26.10.2022 03:01:44 sql=[select * from sanpham limit 4] 
26.10.2022 03:01:44 sql=[select * from sanpham limit 4] 
26.10.2022 03:11:26 sql=[select * from sanpham limit 4] 
26.10.2022 03:11:26 sql=[select * from sanpham limit 4] 
26.10.2022 03:11:30 sql=[SELECT * FROM sanpham where id=1] 
26.10.2022 03:11:30 sql=[SELECT * FROM danhmuc WHERE id=2] 
26.10.2022 03:12:30 sql=[select * from sanpham limit 4] 
26.10.2022 03:12:30 sql=[select * from sanpham limit 4] 
26.10.2022 03:15:48 sql=[select * from sanpham limit 4] 
26.10.2022 03:15:48 sql=[select * from sanpham limit 4] 
26.10.2022 04:13:44 sql=[select * from sanpham limit 4] 
26.10.2022 04:13:44 sql=[select * from sanpham limit 4] 
26.10.2022 04:13:58 sql=[select * from sanpham limit 4] 
26.10.2022 04:13:58 sql=[select * from sanpham limit 4] 
26.10.2022 04:14:03 sql=[select * from sanpham limit 4] 
26.10.2022 04:14:03 sql=[select * from sanpham limit 4] 
26.10.2022 04:14:03 sql=[select * from sanpham limit 4] 
26.10.2022 04:14:03 sql=[select * from sanpham limit 4] 
26.10.2022 04:14:05 sql=[select * from sanpham limit 4] 
26.10.2022 04:14:05 sql=[select * from sanpham limit 4] 
26.10.2022 04:14:06 sql=[select * from sanpham limit 4] 
26.10.2022 04:14:06 sql=[select * from sanpham limit 4] 
26.10.2022 04:14:08 sql=[select * from sanpham limit 4] 
26.10.2022 04:14:08 sql=[select * from sanpham limit 4] 
26.10.2022 04:15:10 sql=[select * from sanpham limit 4] 
26.10.2022 04:15:10 sql=[select * from sanpham limit 4] 
26.10.2022 04:15:12 sql=[select * from sanpham limit 4] 
26.10.2022 04:15:12 sql=[select * from sanpham limit 4] 
26.10.2022 04:15:14 sql=[select * from sanpham limit 4] 
26.10.2022 04:15:14 sql=[select * from sanpham limit 4] 
26.10.2022 04:15:22 sql=[SELECT * FROM user WHERE username='talaban1' AND password='25f9e794323b453885f5181f1b624d0b'] 
26.10.2022 04:15:22 sql=[select * from sanpham limit 4] 
26.10.2022 04:15:22 sql=[select * from sanpham limit 4] 
26.10.2022 04:15:39 sql=[select * from sanpham limit 4] 
26.10.2022 04:15:39 sql=[select * from sanpham limit 4] 
26.10.2022 04:15:42 sql=[select * from sanpham limit 4] 
26.10.2022 04:15:42 sql=[select * from sanpham limit 4] 
26.10.2022 04:15:44 sql=[select * from sanpham limit 4] 
26.10.2022 04:15:44 sql=[select * from sanpham limit 4] 
26.10.2022 04:15:47 sql=[SELECT * FROM sanpham where id=1] 
26.10.2022 04:15:47 sql=[SELECT * FROM danhmuc WHERE id=2] 
26.10.2022 04:15:55 sql=[select * from sanpham limit 4] 
26.10.2022 04:15:55 sql=[select * from sanpham limit 4] 
26.10.2022 04:15:56 sql=[select * from sanpham limit 4] 
26.10.2022 04:15:56 sql=[select * from sanpham limit 4] 
26.10.2022 04:15:58 sql=[select * from sanpham limit 4] 
26.10.2022 04:15:58 sql=[select * from sanpham limit 4] 
26.10.2022 04:16:00 sql=[SELECT * FROM sanpham where id=2] 
26.10.2022 04:16:00 sql=[SELECT * FROM danhmuc WHERE id=1] 
26.10.2022 04:16:07 sql=[select * from sanpham limit 4] 
26.10.2022 04:16:07 sql=[select * from sanpham limit 4] 
26.10.2022 04:16:07 sql=[select * from sanpham limit 4] 
26.10.2022 04:16:07 sql=[select * from sanpham limit 4] 
26.10.2022 04:16:16 sql=[select * from sanpham limit 4] 
26.10.2022 04:16:16 sql=[select * from sanpham limit 4] 
26.10.2022 04:18:16 sql=[SELECT * FROM user WHERE username='talaban1' AND password='25f9e794323b453885f5181f1b624d0b'] 
26.10.2022 04:18:16 sql=[select * from sanpham limit 4] 
26.10.2022 04:18:16 sql=[select * from sanpham limit 4] 
26.10.2022 04:18:17 sql=[select * from sanpham limit 4] 
26.10.2022 04:18:17 sql=[select * from sanpham limit 4] 
26.10.2022 04:18:18 sql=[select * from sanpham limit 4] 
26.10.2022 04:18:18 sql=[select * from sanpham limit 4] 
26.10.2022 04:18:18 sql=[select * from sanpham limit 4] 
26.10.2022 04:18:18 sql=[select * from sanpham limit 4] 
26.10.2022 04:18:18 sql=[select * from sanpham limit 4] 
26.10.2022 04:18:18 sql=[select * from sanpham limit 4] 
26.10.2022 04:18:19 sql=[select * from sanpham limit 4] 
26.10.2022 04:18:19 sql=[select * from sanpham limit 4] 
26.10.2022 04:18:19 sql=[select * from sanpham limit 4] 
26.10.2022 04:18:19 sql=[select * from sanpham limit 4] 
26.10.2022 04:18:19 sql=[select * from sanpham limit 4] 
26.10.2022 04:18:19 sql=[select * from sanpham limit 4] 
26.10.2022 04:18:21 sql=[select * from sanpham limit 4] 
26.10.2022 04:18:21 sql=[select * from sanpham limit 4] 
26.10.2022 04:18:22 sql=[select * from sanpham limit 4] 
26.10.2022 04:18:22 sql=[select * from sanpham limit 4] 
26.10.2022 05:42:52 sql=[select * from sanpham limit 4] 
26.10.2022 05:42:52 sql=[select * from sanpham limit 4] 
26.10.2022 05:42:53 sql=[select * from sanpham limit 4] 
26.10.2022 05:42:53 sql=[select * from sanpham limit 4] 
26.10.2022 05:43:30 sql=[SELECT * FROM user WHERE username='talaban1' AND password='25f9e794323b453885f5181f1b624d0b'] 
26.10.2022 05:43:30 sql=[select * from sanpham limit 4] 
26.10.2022 05:43:30 sql=[select * from sanpham limit 4] 
26.10.2022 05:43:37 sql=[SELECT * FROM sanpham where id=1] 
26.10.2022 05:43:37 sql=[SELECT * FROM danhmuc WHERE id=2] 
